  Thales-Remote-gRPC-Server.cpp
D:\vcpkg\installed\x64-windows\include\google\protobuf\io\coded_stream.h(1277,28): warning C4251: 'google::protobuf::io::CodedOutputStream::default_serialization_deterministic_': 'std::atomic<bool>' needs to have dll-interface to be used by clients of 'google::protobuf::io::CodedOutputStream'
  (compiling source file 'Thales-Remote-gRPC-Server.cpp')
      C:\Program Files\Microsoft Visual Studio\2022\Professional\VC\Tools\MSVC\14.43.34808\include\atomic(2112,8):
      see declaration of 'std::atomic<bool>'
  
D:\vcpkg\installed\x64-windows\include\google\protobuf\port.h(433,23): warning C4251: 'google::protobuf::internal::RealDebugCounter::counter_': 'std::atomic<unsigned __int64>' needs to have dll-interface to be used by clients of 'google::protobuf::internal::RealDebugCounter'
  (compiling source file 'Thales-Remote-gRPC-Server.cpp')
      C:\Program Files\Microsoft Visual Studio\2022\Professional\VC\Tools\MSVC\14.43.34808\include\atomic(2112,8):
      see declaration of 'std::atomic<unsigned __int64>'
  
D:\vcpkg\installed\x64-windows\include\google\protobuf\serial_arena.h(378,22): warning C4251: 'google::protobuf::internal::SerialArena::ptr_': 'std::atomic<char *>' needs to have dll-interface to be used by clients of 'google::protobuf::internal::SerialArena'
  (compiling source file 'Thales-Remote-gRPC-Server.cpp')
      C:\Program Files\Microsoft Visual Studio\2022\Professional\VC\Tools\MSVC\14.43.34808\include\atomic(2112,8):
      see declaration of 'std::atomic<char *>'
  
D:\vcpkg\installed\x64-windows\include\google\protobuf\serial_arena.h(386,22): warning C4251: 'google::protobuf::internal::SerialArena::cleanup_list_': 'google::protobuf::internal::cleanup::ChunkList' needs to have dll-interface to be used by clients of 'google::protobuf::internal::SerialArena'
  (compiling source file 'Thales-Remote-gRPC-Server.cpp')
      D:\vcpkg\installed\x64-windows\include\google\protobuf\arena_cleanup.h(59,7):
      see declaration of 'google::protobuf::internal::cleanup::ChunkList'
  
D:\vcpkg\installed\x64-windows\include\google\protobuf\serial_arena.h(389,29): warning C4251: 'google::protobuf::internal::SerialArena::string_block_': 'std::atomic<google::protobuf::internal::StringBlock *>' needs to have dll-interface to be used by clients of 'google::protobuf::internal::SerialArena'
  (compiling source file 'Thales-Remote-gRPC-Server.cpp')
      C:\Program Files\Microsoft Visual Studio\2022\Professional\VC\Tools\MSVC\14.43.34808\include\atomic(2112,8):
      see declaration of 'std::atomic<google::protobuf::internal::StringBlock *>'
  
D:\vcpkg\installed\x64-windows\include\google\protobuf\serial_arena.h(394,23): warning C4251: 'google::protobuf::internal::SerialArena::string_block_unused_': 'std::atomic<unsigned __int64>' needs to have dll-interface to be used by clients of 'google::protobuf::internal::SerialArena'
  (compiling source file 'Thales-Remote-gRPC-Server.cpp')
      C:\Program Files\Microsoft Visual Studio\2022\Professional\VC\Tools\MSVC\14.43.34808\include\atomic(2112,8):
      see declaration of 'std::atomic<unsigned __int64>'
  
D:\vcpkg\installed\x64-windows\include\google\protobuf\serial_arena.h(396,28): warning C4251: 'google::protobuf::internal::SerialArena::head_': 'std::atomic<google::protobuf::internal::ArenaBlock *>' needs to have dll-interface to be used by clients of 'google::protobuf::internal::SerialArena'
  (compiling source file 'Thales-Remote-gRPC-Server.cpp')
      C:\Program Files\Microsoft Visual Studio\2022\Professional\VC\Tools\MSVC\14.43.34808\include\atomic(2112,8):
      see declaration of 'std::atomic<google::protobuf::internal::ArenaBlock *>'
  
D:\vcpkg\installed\x64-windows\include\google\protobuf\serial_arena.h(397,23): warning C4251: 'google::protobuf::internal::SerialArena::space_used_': 'std::atomic<unsigned __int64>' needs to have dll-interface to be used by clients of 'google::protobuf::internal::SerialArena'
  (compiling source file 'Thales-Remote-gRPC-Server.cpp')
      C:\Program Files\Microsoft Visual Studio\2022\Professional\VC\Tools\MSVC\14.43.34808\include\atomic(2112,8):
      see declaration of 'std::atomic<unsigned __int64>'
  
D:\vcpkg\installed\x64-windows\include\google\protobuf\serial_arena.h(398,23): warning C4251: 'google::protobuf::internal::SerialArena::space_allocated_': 'std::atomic<unsigned __int64>' needs to have dll-interface to be used by clients of 'google::protobuf::internal::SerialArena'
  (compiling source file 'Thales-Remote-gRPC-Server.cpp')
      C:\Program Files\Microsoft Visual Studio\2022\Professional\VC\Tools\MSVC\14.43.34808\include\atomic(2112,8):
      see declaration of 'std::atomic<unsigned __int64>'
  
D:\vcpkg\installed\x64-windows\include\google\protobuf\thread_safe_arena.h(142,29): warning C4251: 'google::protobuf::internal::ThreadSafeArena::alloc_policy_': 'google::protobuf::internal::TaggedAllocationPolicyPtr' needs to have dll-interface to be used by clients of 'google::protobuf::internal::ThreadSafeArena'
  (compiling source file 'Thales-Remote-gRPC-Server.cpp')
      D:\vcpkg\installed\x64-windows\include\google\protobuf\arena_allocation_policy.h(41,7):
      see declaration of 'google::protobuf::internal::TaggedAllocationPolicyPtr'
  
D:\vcpkg\installed\x64-windows\include\google\protobuf\thread_safe_arena.h(143,30): warning C4251: 'google::protobuf::internal::ThreadSafeArena::arena_stats_': 'google::protobuf::internal::ThreadSafeArenaStatsHandle' needs to have dll-interface to be used by clients of 'google::protobuf::internal::ThreadSafeArena'
  (compiling source file 'Thales-Remote-gRPC-Server.cpp')
      D:\vcpkg\installed\x64-windows\include\google\protobuf\arenaz_sampler.h(175,7):
      see declaration of 'google::protobuf::internal::ThreadSafeArenaStatsHandle'
  
D:\vcpkg\installed\x64-windows\include\google\protobuf\thread_safe_arena.h(146,15): warning C4251: 'google::protobuf::internal::ThreadSafeArena::mutex_': 'absl::lts_20250127::Mutex' needs to have dll-interface to be used by clients of 'google::protobuf::internal::ThreadSafeArena'
  (compiling source file 'Thales-Remote-gRPC-Server.cpp')
      D:\vcpkg\installed\x64-windows\include\absl\synchronization\mutex.h(151,48):
      see declaration of 'absl::lts_20250127::Mutex'
  
D:\vcpkg\installed\x64-windows\include\google\protobuf\thread_safe_arena.h(148,34): warning C4251: 'google::protobuf::internal::ThreadSafeArena::head_': 'std::atomic<google::protobuf::internal::ThreadSafeArena::SerialArenaChunk *>' needs to have dll-interface to be used by clients of 'google::protobuf::internal::ThreadSafeArena'
  (compiling source file 'Thales-Remote-gRPC-Server.cpp')
      C:\Program Files\Microsoft Visual Studio\2022\Professional\VC\Tools\MSVC\14.43.34808\include\atomic(2112,8):
      see declaration of 'std::atomic<google::protobuf::internal::ThreadSafeArena::SerialArenaChunk *>'
  
D:\vcpkg\installed\x64-windows\include\google\protobuf\thread_safe_arena.h(246,39): warning C4251: 'google::protobuf::internal::ThreadSafeArena::lifecycle_id_': 'std::atomic<unsigned __int64>' needs to have dll-interface to be used by clients of 'google::protobuf::internal::ThreadSafeArena'
  (compiling source file 'Thales-Remote-gRPC-Server.cpp')
      C:\Program Files\Microsoft Visual Studio\2022\Professional\VC\Tools\MSVC\14.43.34808\include\atomic(2112,8):
      see declaration of 'std::atomic<unsigned __int64>'
  
D:\vcpkg\installed\x64-windows\include\google\protobuf\arenastring.h(60,43): warning C4251: 'google::protobuf::internal::LazyString::inited_': 'std::atomic<const std::string *>' needs to have dll-interface to be used by clients of 'google::protobuf::internal::LazyString'
  (compiling source file 'Thales-Remote-gRPC-Server.cpp')
      C:\Program Files\Microsoft Visual Studio\2022\Professional\VC\Tools\MSVC\14.43.34808\include\atomic(2112,8):
      see declaration of 'std::atomic<const std::string *>'
  
D:\vcpkg\installed\x64-windows\include\google\protobuf\metadata_lite.h(248,15): warning C4251: 'google::protobuf::internal::LiteUnknownFieldSetter::buffer_': 'std::basic_string<char,std::char_traits<char>,std::allocator<char>>' needs to have dll-interface to be used by clients of 'google::protobuf::internal::LiteUnknownFieldSetter'
  (compiling source file 'Thales-Remote-gRPC-Server.cpp')
      C:\Program Files\Microsoft Visual Studio\2022\Professional\VC\Tools\MSVC\14.43.34808\include\xstring(522,7):
      see declaration of 'std::basic_string<char,std::char_traits<char>,std::allocator<char>>'
  
D:\vcpkg\installed\x64-windows\include\google\protobuf\message_lite.h(223,31): warning C4251: 'google::protobuf::internal::CachedSize::atom_': 'std::atomic<int>' needs to have dll-interface to be used by clients of 'google::protobuf::internal::CachedSize'
  (compiling source file 'Thales-Remote-gRPC-Server.cpp')
      C:\Program Files\Microsoft Visual Studio\2022\Professional\VC\Tools\MSVC\14.43.34808\include\atomic(2112,8):
      see declaration of 'std::atomic<int>'
  
D:\vcpkg\installed\x64-windows\include\google\protobuf\message_lite.h(337,28): warning C4251: 'google::protobuf::internal::ClassData::message_creator': 'google::protobuf::internal::MessageCreator' needs to have dll-interface to be used by clients of 'google::protobuf::internal::ClassData'
  (compiling source file 'Thales-Remote-gRPC-Server.cpp')
      D:\vcpkg\installed\x64-windows\include\google\protobuf\message_lite.h(80,7):
      see declaration of 'google::protobuf::internal::MessageCreator'
  
D:\vcpkg\installed\x64-windows\include\google\protobuf\repeated_field.h(145,42): warning C4267: 'argument': conversion from 'size_t' to 'const _Ty', possible loss of data
D:\vcpkg\installed\x64-windows\include\google\protobuf\repeated_field.h(145,42): warning C4267:         with
D:\vcpkg\installed\x64-windows\include\google\protobuf\repeated_field.h(145,42): warning C4267:         [
D:\vcpkg\installed\x64-windows\include\google\protobuf\repeated_field.h(145,42): warning C4267:             _Ty=int
D:\vcpkg\installed\x64-windows\include\google\protobuf\repeated_field.h(145,42): warning C4267:         ]
  (compiling source file 'Thales-Remote-gRPC-Server.cpp')
  
D:\vcpkg\installed\x64-windows\include\google\protobuf\implicit_weak_message.h(85,32): warning C4251: 'google::protobuf::internal::ImplicitWeakMessage::table_': 'google::protobuf::internal::TcParseTable<0,0,0,0,2>' needs to have dll-interface to be used by clients of 'google::protobuf::internal::ImplicitWeakMessage'
  (compiling source file 'Thales-Remote-gRPC-Server.cpp')
      D:\vcpkg\installed\x64-windows\include\google\protobuf\generated_message_tctable_decl.h(492,8):
      see declaration of 'google::protobuf::internal::TcParseTable<0,0,0,0,2>'
  
D:\vcpkg\installed\x64-windows\include\google\protobuf\implicit_weak_message.h(86,33): warning C4251: 'google::protobuf::internal::ImplicitWeakMessage::class_data_': 'google::protobuf::internal::ClassDataLite<1>' needs to have dll-interface to be used by clients of 'google::protobuf::internal::ImplicitWeakMessage'
  (compiling source file 'Thales-Remote-gRPC-Server.cpp')
      D:\vcpkg\installed\x64-windows\include\google\protobuf\message_lite.h(424,8):
      see declaration of 'google::protobuf::internal::ClassDataLite<1>'
  
D:\vcpkg\installed\x64-windows\include\google\protobuf\extension_set.h(647,7): warning C4251: 'google::protobuf::internal::ExtensionSet::maybe_create_lazy_extension_': 'std::atomic<google::protobuf::internal::ExtensionSet::LazyMessageExtension *(__cdecl *)(google::protobuf::Arena *)>' needs to have dll-interface to be used by clients of 'google::protobuf::internal::ExtensionSet'
  (compiling source file 'Thales-Remote-gRPC-Server.cpp')
      C:\Program Files\Microsoft Visual Studio\2022\Professional\VC\Tools\MSVC\14.43.34808\include\atomic(2112,8):
      see declaration of 'std::atomic<google::protobuf::internal::ExtensionSet::LazyMessageExtension *(__cdecl *)(google::protobuf::Arena *)>'
  
D:\vcpkg\installed\x64-windows\include\google\protobuf\extension_set.h(1199,26): warning C4251: 'google::protobuf::internal::RepeatedPrimitiveDefaults::default_repeated_field_int32_t_': 'google::protobuf::RepeatedField<int>' needs to have dll-interface to be used by clients of 'google::protobuf::internal::RepeatedPrimitiveDefaults'
  (compiling source file 'Thales-Remote-gRPC-Server.cpp')
      D:\vcpkg\installed\x64-windows\include\google\protobuf\repeated_field.h(246,7):
      see declaration of 'google::protobuf::RepeatedField<int>'
  
D:\vcpkg\installed\x64-windows\include\google\protobuf\extension_set.h(1200,26): warning C4251: 'google::protobuf::internal::RepeatedPrimitiveDefaults::default_repeated_field_int64_t_': 'google::protobuf::RepeatedField<int64_t>' needs to have dll-interface to be used by clients of 'google::protobuf::internal::RepeatedPrimitiveDefaults'
  (compiling source file 'Thales-Remote-gRPC-Server.cpp')
      D:\vcpkg\installed\x64-windows\include\google\protobuf\repeated_field.h(246,7):
      see declaration of 'google::protobuf::RepeatedField<int64_t>'
  
D:\vcpkg\installed\x64-windows\include\google\protobuf\extension_set.h(1201,27): warning C4251: 'google::protobuf::internal::RepeatedPrimitiveDefaults::default_repeated_field_uint32_t_': 'google::protobuf::RepeatedField<uint32_t>' needs to have dll-interface to be used by clients of 'google::protobuf::internal::RepeatedPrimitiveDefaults'
  (compiling source file 'Thales-Remote-gRPC-Server.cpp')
      D:\vcpkg\installed\x64-windows\include\google\protobuf\repeated_field.h(246,7):
      see declaration of 'google::protobuf::RepeatedField<uint32_t>'
  
D:\vcpkg\installed\x64-windows\include\google\protobuf\extension_set.h(1202,27): warning C4251: 'google::protobuf::internal::RepeatedPrimitiveDefaults::default_repeated_field_uint64_t_': 'google::protobuf::RepeatedField<uint64_t>' needs to have dll-interface to be used by clients of 'google::protobuf::internal::RepeatedPrimitiveDefaults'
  (compiling source file 'Thales-Remote-gRPC-Server.cpp')
      D:\vcpkg\installed\x64-windows\include\google\protobuf\repeated_field.h(246,7):
      see declaration of 'google::protobuf::RepeatedField<uint64_t>'
  
D:\vcpkg\installed\x64-windows\include\google\protobuf\extension_set.h(1203,25): warning C4251: 'google::protobuf::internal::RepeatedPrimitiveDefaults::default_repeated_field_double_': 'google::protobuf::RepeatedField<double>' needs to have dll-interface to be used by clients of 'google::protobuf::internal::RepeatedPrimitiveDefaults'
  (compiling source file 'Thales-Remote-gRPC-Server.cpp')
      D:\vcpkg\installed\x64-windows\include\google\protobuf\repeated_field.h(246,7):
      see declaration of 'google::protobuf::RepeatedField<double>'
  
D:\vcpkg\installed\x64-windows\include\google\protobuf\extension_set.h(1204,24): warning C4251: 'google::protobuf::internal::RepeatedPrimitiveDefaults::default_repeated_field_float_': 'google::protobuf::RepeatedField<float>' needs to have dll-interface to be used by clients of 'google::protobuf::internal::RepeatedPrimitiveDefaults'
  (compiling source file 'Thales-Remote-gRPC-Server.cpp')
      D:\vcpkg\installed\x64-windows\include\google\protobuf\repeated_field.h(246,7):
      see declaration of 'google::protobuf::RepeatedField<float>'
  
D:\vcpkg\installed\x64-windows\include\google\protobuf\extension_set.h(1205,23): warning C4251: 'google::protobuf::internal::RepeatedPrimitiveDefaults::default_repeated_field_bool_': 'google::protobuf::RepeatedField<bool>' needs to have dll-interface to be used by clients of 'google::protobuf::internal::RepeatedPrimitiveDefaults'
  (compiling source file 'Thales-Remote-gRPC-Server.cpp')
      D:\vcpkg\installed\x64-windows\include\google\protobuf\repeated_field.h(246,7):
      see declaration of 'google::protobuf::RepeatedField<bool>'
  
D:\vcpkg\installed\x64-windows\include\google\protobuf\descriptor.h(2474,7): warning C4251: 'google::protobuf::DescriptorPool::dispatcher_': 'std::unique_ptr<absl::lts_20250127::AnyInvocable<void (absl::lts_20250127::FunctionRef<void (void)>) const>,std::default_delete<absl::lts_20250127::AnyInvocable<void (absl::lts_20250127::FunctionRef<void (void)>) const>>>' needs to have dll-interface to be used by clients of 'google::protobuf::DescriptorPool'
  (compiling source file 'Thales-Remote-gRPC-Server.cpp')
      C:\Program Files\Microsoft Visual Studio\2022\Professional\VC\Tools\MSVC\14.43.34808\include\memory(3332,7):
      see declaration of 'std::unique_ptr<absl::lts_20250127::AnyInvocable<void (absl::lts_20250127::FunctionRef<void (void)>) const>,std::default_delete<absl::lts_20250127::AnyInvocable<void (absl::lts_20250127::FunctionRef<void (void)>) const>>>'
  
D:\vcpkg\installed\x64-windows\include\google\protobuf\descriptor.h(2480,27): warning C4251: 'google::protobuf::DescriptorPool::tables_': 'std::unique_ptr<google::protobuf::DescriptorPool::Tables,std::default_delete<google::protobuf::DescriptorPool::Tables>>' needs to have dll-interface to be used by clients of 'google::protobuf::DescriptorPool'
  (compiling source file 'Thales-Remote-gRPC-Server.cpp')
      C:\Program Files\Microsoft Visual Studio\2022\Professional\VC\Tools\MSVC\14.43.34808\include\memory(3332,7):
      see declaration of 'std::unique_ptr<google::protobuf::DescriptorPool::Tables,std::default_delete<google::protobuf::DescriptorPool::Tables>>'
  
D:\vcpkg\installed\x64-windows\include\google\protobuf\descriptor.h(2493,42): warning C4251: 'google::protobuf::DescriptorPool::direct_input_files_': 'absl::lts_20250127::flat_hash_map<std::string,bool,absl::lts_20250127::container_internal::StringHash,absl::lts_20250127::container_internal::StringEq,std::allocator<std::pair<const K,V>>>' needs to have dll-interface to be used by clients of 'google::protobuf::DescriptorPool'
D:\vcpkg\installed\x64-windows\include\google\protobuf\descriptor.h(2493,42): warning C4251:         with
D:\vcpkg\installed\x64-windows\include\google\protobuf\descriptor.h(2493,42): warning C4251:         [
D:\vcpkg\installed\x64-windows\include\google\protobuf\descriptor.h(2493,42): warning C4251:             K=std::string,
D:\vcpkg\installed\x64-windows\include\google\protobuf\descriptor.h(2493,42): warning C4251:             V=bool
D:\vcpkg\installed\x64-windows\include\google\protobuf\descriptor.h(2493,42): warning C4251:         ]
  (compiling source file 'Thales-Remote-gRPC-Server.cpp')
      D:\vcpkg\installed\x64-windows\include\absl\container\flat_hash_map.h(128,28):
      see declaration of 'absl::lts_20250127::flat_hash_map<std::string,bool,absl::lts_20250127::container_internal::StringHash,absl::lts_20250127::container_internal::StringEq,std::allocator<std::pair<const K,V>>>'
          with
          [
              K=std::string,
              V=bool
          ]
  
D:\vcpkg\installed\x64-windows\include\google\protobuf\descriptor.h(2497,39): warning C4251: 'google::protobuf::DescriptorPool::feature_set_defaults_spec_': 'std::unique_ptr<google::protobuf::FeatureSetDefaults,std::default_delete<google::protobuf::FeatureSetDefaults>>' needs to have dll-interface to be used by clients of 'google::protobuf::DescriptorPool'
  (compiling source file 'Thales-Remote-gRPC-Server.cpp')
      C:\Program Files\Microsoft Visual Studio\2022\Professional\VC\Tools\MSVC\14.43.34808\include\memory(3332,7):
      see declaration of 'std::unique_ptr<google::protobuf::FeatureSetDefaults,std::default_delete<google::protobuf::FeatureSetDefaults>>'
  
D:\vcpkg\installed\x64-windows\include\google\protobuf\io\zero_copy_stream_impl_lite.h(235,30): warning C4251: 'google::protobuf::io::CopyingInputStreamAdaptor::buffer_': 'std::unique_ptr<uint8_t [],std::default_delete<uint8_t []>>' needs to have dll-interface to be used by clients of 'google::protobuf::io::CopyingInputStreamAdaptor'
  (compiling source file 'Thales-Remote-gRPC-Server.cpp')
      C:\Program Files\Microsoft Visual Studio\2022\Professional\VC\Tools\MSVC\14.43.34808\include\memory(3459,7):
      see declaration of 'std::unique_ptr<uint8_t [],std::default_delete<uint8_t []>>'
  
D:\vcpkg\installed\x64-windows\include\google\protobuf\io\zero_copy_stream_impl_lite.h(329,30): warning C4251: 'google::protobuf::io::CopyingOutputStreamAdaptor::buffer_': 'std::unique_ptr<uint8_t [],std::default_delete<uint8_t []>>' needs to have dll-interface to be used by clients of 'google::protobuf::io::CopyingOutputStreamAdaptor'
  (compiling source file 'Thales-Remote-gRPC-Server.cpp')
      C:\Program Files\Microsoft Visual Studio\2022\Professional\VC\Tools\MSVC\14.43.34808\include\memory(3459,7):
      see declaration of 'std::unique_ptr<uint8_t [],std::default_delete<uint8_t []>>'
  
D:\vcpkg\installed\x64-windows\include\google\protobuf\io\zero_copy_stream_impl_lite.h(403,28): warning C4251: 'google::protobuf::io::CordInputStream::it_': 'absl::lts_20250127::Cord::CharIterator' needs to have dll-interface to be used by clients of 'google::protobuf::io::CordInputStream'
  (compiling source file 'Thales-Remote-gRPC-Server.cpp')
      D:\vcpkg\installed\x64-windows\include\absl\strings\cord.h(626,9):
      see declaration of 'absl::lts_20250127::Cord::CharIterator'
  
D:\vcpkg\installed\x64-windows\include\google\protobuf\io\zero_copy_stream_impl_lite.h(487,14): warning C4251: 'google::protobuf::io::CordOutputStream::cord_': 'absl::lts_20250127::Cord' needs to have dll-interface to be used by clients of 'google::protobuf::io::CordOutputStream'
  (compiling source file 'Thales-Remote-gRPC-Server.cpp')
      D:\vcpkg\installed\x64-windows\include\absl\strings\cord.h(171,7):
      see declaration of 'absl::lts_20250127::Cord'
  
D:\vcpkg\installed\x64-windows\include\google\protobuf\io\zero_copy_stream_impl_lite.h(490,20): warning C4251: 'google::protobuf::io::CordOutputStream::buffer_': 'absl::lts_20250127::CordBuffer' needs to have dll-interface to be used by clients of 'google::protobuf::io::CordOutputStream'
  (compiling source file 'Thales-Remote-gRPC-Server.cpp')
      D:\vcpkg\installed\x64-windows\include\absl\strings\cord_buffer.h(105,7):
      see declaration of 'absl::lts_20250127::CordBuffer'
  
D:\vcpkg\installed\x64-windows\include\google\protobuf\unknown_field_set.h(291,31): warning C4251: 'google::protobuf::UnknownFieldSet::fields_': 'google::protobuf::RepeatedField<google::protobuf::UnknownField>' needs to have dll-interface to be used by clients of 'google::protobuf::UnknownFieldSet'
  (compiling source file 'Thales-Remote-gRPC-Server.cpp')
      D:\vcpkg\installed\x64-windows\include\google\protobuf\repeated_field.h(246,7):
      see declaration of 'google::protobuf::RepeatedField<google::protobuf::UnknownField>'
  
D:\vcpkg\installed\x64-windows\include\google\protobuf\map.h(814,13): warning C4251: 'google::protobuf::internal::UntypedMapBase::alloc_': 'google::protobuf::internal::MapAllocator<void *>' needs to have dll-interface to be used by clients of 'google::protobuf::internal::UntypedMapBase'
  (compiling source file 'Thales-Remote-gRPC-Server.cpp')
      D:\vcpkg\installed\x64-windows\include\google\protobuf\map.h(104,7):
      see declaration of 'google::protobuf::internal::MapAllocator<void *>'
  
D:\vcpkg\installed\x64-windows\include\google\protobuf\message.h(1076,27): warning C4251: 'google::protobuf::Reflection::tcparse_table_once_': 'absl::lts_20250127::once_flag' needs to have dll-interface to be used by clients of 'google::protobuf::Reflection'
  (compiling source file 'Thales-Remote-gRPC-Server.cpp')
      D:\vcpkg\installed\x64-windows\include\absl\base\call_once.h(89,7):
      see declaration of 'absl::lts_20250127::once_flag'
  
D:\vcpkg\installed\x64-windows\include\google\protobuf\descriptor.pb.h(895,7): warning C4251: 'google::protobuf::UninterpretedOption_NamePart::_table_': 'google::protobuf::internal::TcParseTable<1,2,0,62,2>' needs to have dll-interface to be used by clients of 'google::protobuf::UninterpretedOption_NamePart'
  (compiling source file 'Thales-Remote-gRPC-Server.cpp')
      D:\vcpkg\installed\x64-windows\include\google\protobuf\generated_message_tctable_decl.h(492,8):
      see declaration of 'google::protobuf::internal::TcParseTable<1,2,0,62,2>'
  
D:\vcpkg\installed\x64-windows\include\google\protobuf\descriptor.pb.h(1173,7): warning C4251: 'google::protobuf::SourceCodeInfo_Location::_table_': 'google::protobuf::internal::TcParseTable<3,5,0,106,2>' needs to have dll-interface to be used by clients of 'google::protobuf::SourceCodeInfo_Location'
  (compiling source file 'Thales-Remote-gRPC-Server.cpp')
      D:\vcpkg\installed\x64-windows\include\google\protobuf\generated_message_tctable_decl.h(492,8):
      see declaration of 'google::protobuf::internal::TcParseTable<3,5,0,106,2>'
  
D:\vcpkg\installed\x64-windows\include\google\protobuf\descriptor.pb.h(1452,7): warning C4251: 'google::protobuf::GeneratedCodeInfo_Annotation::_table_': 'google::protobuf::internal::TcParseTable<3,5,1,64,2>' needs to have dll-interface to be used by clients of 'google::protobuf::GeneratedCodeInfo_Annotation'
  (compiling source file 'Thales-Remote-gRPC-Server.cpp')
      D:\vcpkg\installed\x64-windows\include\google\protobuf\generated_message_tctable_decl.h(492,8):
      see declaration of 'google::protobuf::internal::TcParseTable<3,5,1,64,2>'
  
D:\vcpkg\installed\x64-windows\include\google\protobuf\descriptor.pb.h(1691,7): warning C4251: 'google::protobuf::FieldOptions_FeatureSupport::_table_': 'google::protobuf::internal::TcParseTable<2,4,3,71,2>' needs to have dll-interface to be used by clients of 'google::protobuf::FieldOptions_FeatureSupport'
  (compiling source file 'Thales-Remote-gRPC-Server.cpp')
      D:\vcpkg\installed\x64-windows\include\google\protobuf\generated_message_tctable_decl.h(492,8):
      see declaration of 'google::protobuf::internal::TcParseTable<2,4,3,71,2>'
  
D:\vcpkg\installed\x64-windows\include\google\protobuf\descriptor.pb.h(1904,7): warning C4251: 'google::protobuf::FieldOptions_EditionDefault::_table_': 'google::protobuf::internal::TcParseTable<1,2,1,57,2>' needs to have dll-interface to be used by clients of 'google::protobuf::FieldOptions_EditionDefault'
  (compiling source file 'Thales-Remote-gRPC-Server.cpp')
      D:\vcpkg\installed\x64-windows\include\google\protobuf\generated_message_tctable_decl.h(492,8):
      see declaration of 'google::protobuf::internal::TcParseTable<1,2,1,57,2>'
  
D:\vcpkg\installed\x64-windows\include\google\protobuf\descriptor.pb.h(2462,7): warning C4251: 'google::protobuf::FeatureSet::_table_': 'google::protobuf::internal::TcParseTable<3,6,6,0,2>' needs to have dll-interface to be used by clients of 'google::protobuf::FeatureSet'
  (compiling source file 'Thales-Remote-gRPC-Server.cpp')
      D:\vcpkg\installed\x64-windows\include\google\protobuf\generated_message_tctable_decl.h(492,8):
      see declaration of 'google::protobuf::internal::TcParseTable<3,6,6,0,2>'
  
D:\vcpkg\installed\x64-windows\include\google\protobuf\descriptor.pb.h(2720,7): warning C4251: 'google::protobuf::ExtensionRangeOptions_Declaration::_table_': 'google::protobuf::internal::TcParseTable<3,5,0,71,2>' needs to have dll-interface to be used by clients of 'google::protobuf::ExtensionRangeOptions_Declaration'
  (compiling source file 'Thales-Remote-gRPC-Server.cpp')
      D:\vcpkg\installed\x64-windows\include\google\protobuf\generated_message_tctable_decl.h(492,8):
      see declaration of 'google::protobuf::internal::TcParseTable<3,5,0,71,2>'
  
D:\vcpkg\installed\x64-windows\include\google\protobuf\descriptor.pb.h(2928,7): warning C4251: 'google::protobuf::EnumDescriptorProto_EnumReservedRange::_table_': 'google::protobuf::internal::TcParseTable<1,2,0,0,2>' needs to have dll-interface to be used by clients of 'google::protobuf::EnumDescriptorProto_EnumReservedRange'
  (compiling source file 'Thales-Remote-gRPC-Server.cpp')
      D:\vcpkg\installed\x64-windows\include\google\protobuf\generated_message_tctable_decl.h(492,8):
      see declaration of 'google::protobuf::internal::TcParseTable<1,2,0,0,2>'
  
D:\vcpkg\installed\x64-windows\include\google\protobuf\descriptor.pb.h(3133,7): warning C4251: 'google::protobuf::DescriptorProto_ReservedRange::_table_': 'google::protobuf::internal::TcParseTable<1,2,0,0,2>' needs to have dll-interface to be used by clients of 'google::protobuf::DescriptorProto_ReservedRange'
  (compiling source file 'Thales-Remote-gRPC-Server.cpp')
      D:\vcpkg\installed\x64-windows\include\google\protobuf\generated_message_tctable_decl.h(492,8):
      see declaration of 'google::protobuf::internal::TcParseTable<1,2,0,0,2>'
  
D:\vcpkg\installed\x64-windows\include\google\protobuf\descriptor.pb.h(3428,7): warning C4251: 'google::protobuf::UninterpretedOption::_table_': 'google::protobuf::internal::TcParseTable<3,7,1,75,2>' needs to have dll-interface to be used by clients of 'google::protobuf::UninterpretedOption'
  (compiling source file 'Thales-Remote-gRPC-Server.cpp')
      D:\vcpkg\installed\x64-windows\include\google\protobuf\generated_message_tctable_decl.h(492,8):
      see declaration of 'google::protobuf::internal::TcParseTable<3,7,1,75,2>'
  
D:\vcpkg\installed\x64-windows\include\google\protobuf\descriptor.pb.h(3817,7): warning C4251: 'google::protobuf::SourceCodeInfo::_table_': 'google::protobuf::internal::TcParseTable<0,1,1,0,2>' needs to have dll-interface to be used by clients of 'google::protobuf::SourceCodeInfo'
  (compiling source file 'Thales-Remote-gRPC-Server.cpp')
      D:\vcpkg\installed\x64-windows\include\google\protobuf\generated_message_tctable_decl.h(492,8):
      see declaration of 'google::protobuf::internal::TcParseTable<0,1,1,0,2>'
  
D:\vcpkg\installed\x64-windows\include\google\protobuf\descriptor.pb.h(4016,7): warning C4251: 'google::protobuf::GeneratedCodeInfo::_table_': 'google::protobuf::internal::TcParseTable<0,1,1,0,2>' needs to have dll-interface to be used by clients of 'google::protobuf::GeneratedCodeInfo'
  (compiling source file 'Thales-Remote-gRPC-Server.cpp')
      D:\vcpkg\installed\x64-windows\include\google\protobuf\generated_message_tctable_decl.h(492,8):
      see declaration of 'google::protobuf::internal::TcParseTable<0,1,1,0,2>'
  
D:\vcpkg\installed\x64-windows\include\google\protobuf\descriptor.pb.h(4244,7): warning C4251: 'google::protobuf::FeatureSetDefaults_FeatureSetEditionDefault::_table_': 'google::protobuf::internal::TcParseTable<2,3,3,0,2>' needs to have dll-interface to be used by clients of 'google::protobuf::FeatureSetDefaults_FeatureSetEditionDefault'
  (compiling source file 'Thales-Remote-gRPC-Server.cpp')
      D:\vcpkg\installed\x64-windows\include\google\protobuf\generated_message_tctable_decl.h(492,8):
      see declaration of 'google::protobuf::internal::TcParseTable<2,3,3,0,2>'
  
D:\vcpkg\installed\x64-windows\include\google\protobuf\descriptor.pb.h(4656,7): warning C4251: 'google::protobuf::ServiceOptions::_table_': 'google::protobuf::internal::TcParseTable<2,3,2,0,12>' needs to have dll-interface to be used by clients of 'google::protobuf::ServiceOptions'
  (compiling source file 'Thales-Remote-gRPC-Server.cpp')
      D:\vcpkg\installed\x64-windows\include\google\protobuf\generated_message_tctable_decl.h(492,8):
      see declaration of 'google::protobuf::internal::TcParseTable<2,3,2,0,12>'
  
D:\vcpkg\installed\x64-windows\include\google\protobuf\descriptor.pb.h(5057,7): warning C4251: 'google::protobuf::OneofOptions::_table_': 'google::protobuf::internal::TcParseTable<2,2,2,0,7>' needs to have dll-interface to be used by clients of 'google::protobuf::OneofOptions'
  (compiling source file 'Thales-Remote-gRPC-Server.cpp')
      D:\vcpkg\installed\x64-windows\include\google\protobuf\generated_message_tctable_decl.h(492,8):
      see declaration of 'google::protobuf::internal::TcParseTable<2,2,2,0,7>'
  
D:\vcpkg\installed\x64-windows\include\google\protobuf\descriptor.pb.h(5501,7): warning C4251: 'google::protobuf::MethodOptions::_table_': 'google::protobuf::internal::TcParseTable<3,4,3,0,12>' needs to have dll-interface to be used by clients of 'google::protobuf::MethodOptions'
  (compiling source file 'Thales-Remote-gRPC-Server.cpp')
      D:\vcpkg\installed\x64-windows\include\google\protobuf\generated_message_tctable_decl.h(492,8):
      see declaration of 'google::protobuf::internal::TcParseTable<3,4,3,0,12>'
  
D:\vcpkg\installed\x64-windows\include\google\protobuf\descriptor.pb.h(5963,7): warning C4251: 'google::protobuf::MessageOptions::_table_': 'google::protobuf::internal::TcParseTable<3,7,2,0,7>' needs to have dll-interface to be used by clients of 'google::protobuf::MessageOptions'
  (compiling source file 'Thales-Remote-gRPC-Server.cpp')
      D:\vcpkg\installed\x64-windows\include\google\protobuf\generated_message_tctable_decl.h(492,8):
      see declaration of 'google::protobuf::internal::TcParseTable<3,7,2,0,7>'
  
D:\vcpkg\installed\x64-windows\include\google\protobuf\descriptor.pb.h(6676,7): warning C4251: 'google::protobuf::FileOptions::_table_': 'google::protobuf::internal::TcParseTable<5,21,3,202,12>' needs to have dll-interface to be used by clients of 'google::protobuf::FileOptions'
  (compiling source file 'Thales-Remote-gRPC-Server.cpp')
      D:\vcpkg\installed\x64-windows\include\google\protobuf\generated_message_tctable_decl.h(492,8):
      see declaration of 'google::protobuf::internal::TcParseTable<5,21,3,202,12>'
  
D:\vcpkg\installed\x64-windows\include\google\protobuf\descriptor.pb.h(7346,7): warning C4251: 'google::protobuf::FieldOptions::_table_': 'google::protobuf::internal::TcParseTable<4,14,8,0,7>' needs to have dll-interface to be used by clients of 'google::protobuf::FieldOptions'
  (compiling source file 'Thales-Remote-gRPC-Server.cpp')
      D:\vcpkg\installed\x64-windows\include\google\protobuf\generated_message_tctable_decl.h(492,8):
      see declaration of 'google::protobuf::internal::TcParseTable<4,14,8,0,7>'
  
D:\vcpkg\installed\x64-windows\include\google\protobuf\descriptor.pb.h(7588,7): warning C4251: 'google::protobuf::FeatureSetDefaults::_table_': 'google::protobuf::internal::TcParseTable<1,3,3,0,2>' needs to have dll-interface to be used by clients of 'google::protobuf::FeatureSetDefaults'
  (compiling source file 'Thales-Remote-gRPC-Server.cpp')
      D:\vcpkg\installed\x64-windows\include\google\protobuf\generated_message_tctable_decl.h(492,8):
      see declaration of 'google::protobuf::internal::TcParseTable<1,3,3,0,2>'
  
D:\vcpkg\installed\x64-windows\include\google\protobuf\descriptor.pb.h(8038,7): warning C4251: 'google::protobuf::ExtensionRangeOptions::_table_': 'google::protobuf::internal::TcParseTable<3,4,4,0,12>' needs to have dll-interface to be used by clients of 'google::protobuf::ExtensionRangeOptions'
  (compiling source file 'Thales-Remote-gRPC-Server.cpp')
      D:\vcpkg\installed\x64-windows\include\google\protobuf\generated_message_tctable_decl.h(492,8):
      see declaration of 'google::protobuf::internal::TcParseTable<3,4,4,0,12>'
  
D:\vcpkg\installed\x64-windows\include\google\protobuf\descriptor.pb.h(8480,7): warning C4251: 'google::protobuf::EnumValueOptions::_table_': 'google::protobuf::internal::TcParseTable<3,5,3,0,7>' needs to have dll-interface to be used by clients of 'google::protobuf::EnumValueOptions'
  (compiling source file 'Thales-Remote-gRPC-Server.cpp')
      D:\vcpkg\installed\x64-windows\include\google\protobuf\generated_message_tctable_decl.h(492,8):
      see declaration of 'google::protobuf::internal::TcParseTable<3,5,3,0,7>'
  
D:\vcpkg\installed\x64-windows\include\google\protobuf\descriptor.pb.h(8919,7): warning C4251: 'google::protobuf::EnumOptions::_table_': 'google::protobuf::internal::TcParseTable<3,5,2,0,7>' needs to have dll-interface to be used by clients of 'google::protobuf::EnumOptions'
  (compiling source file 'Thales-Remote-gRPC-Server.cpp')
      D:\vcpkg\installed\x64-windows\include\google\protobuf\generated_message_tctable_decl.h(492,8):
      see declaration of 'google::protobuf::internal::TcParseTable<3,5,2,0,7>'
  
D:\vcpkg\installed\x64-windows\include\google\protobuf\descriptor.pb.h(9143,7): warning C4251: 'google::protobuf::OneofDescriptorProto::_table_': 'google::protobuf::internal::TcParseTable<1,2,1,49,2>' needs to have dll-interface to be used by clients of 'google::protobuf::OneofDescriptorProto'
  (compiling source file 'Thales-Remote-gRPC-Server.cpp')
      D:\vcpkg\installed\x64-windows\include\google\protobuf\generated_message_tctable_decl.h(492,8):
      see declaration of 'google::protobuf::internal::TcParseTable<1,2,1,49,2>'
  
D:\vcpkg\installed\x64-windows\include\google\protobuf\descriptor.pb.h(9423,7): warning C4251: 'google::protobuf::MethodDescriptorProto::_table_': 'google::protobuf::internal::TcParseTable<3,6,1,71,2>' needs to have dll-interface to be used by clients of 'google::protobuf::MethodDescriptorProto'
  (compiling source file 'Thales-Remote-gRPC-Server.cpp')
      D:\vcpkg\installed\x64-windows\include\google\protobuf\generated_message_tctable_decl.h(492,8):
      see declaration of 'google::protobuf::internal::TcParseTable<3,6,1,71,2>'
  
D:\vcpkg\installed\x64-windows\include\google\protobuf\descriptor.pb.h(9834,7): warning C4251: 'google::protobuf::FieldDescriptorProto::_table_': 'google::protobuf::internal::TcParseTable<4,11,3,96,2>' needs to have dll-interface to be used by clients of 'google::protobuf::FieldDescriptorProto'
  (compiling source file 'Thales-Remote-gRPC-Server.cpp')
      D:\vcpkg\installed\x64-windows\include\google\protobuf\generated_message_tctable_decl.h(492,8):
      see declaration of 'google::protobuf::internal::TcParseTable<4,11,3,96,2>'
  
D:\vcpkg\installed\x64-windows\include\google\protobuf\descriptor.pb.h(10075,7): warning C4251: 'google::protobuf::EnumValueDescriptorProto::_table_': 'google::protobuf::internal::TcParseTable<2,3,1,53,2>' needs to have dll-interface to be used by clients of 'google::protobuf::EnumValueDescriptorProto'
  (compiling source file 'Thales-Remote-gRPC-Server.cpp')
      D:\vcpkg\installed\x64-windows\include\google\protobuf\generated_message_tctable_decl.h(492,8):
      see declaration of 'google::protobuf::internal::TcParseTable<2,3,1,53,2>'
  
D:\vcpkg\installed\x64-windows\include\google\protobuf\descriptor.pb.h(10302,7): warning C4251: 'google::protobuf::DescriptorProto_ExtensionRange::_table_': 'google::protobuf::internal::TcParseTable<2,3,1,0,2>' needs to have dll-interface to be used by clients of 'google::protobuf::DescriptorProto_ExtensionRange'
  (compiling source file 'Thales-Remote-gRPC-Server.cpp')
      D:\vcpkg\installed\x64-windows\include\google\protobuf\generated_message_tctable_decl.h(492,8):
      see declaration of 'google::protobuf::internal::TcParseTable<2,3,1,0,2>'
  
D:\vcpkg\installed\x64-windows\include\google\protobuf\descriptor.pb.h(10541,7): warning C4251: 'google::protobuf::ServiceDescriptorProto::_table_': 'google::protobuf::internal::TcParseTable<2,3,2,51,2>' needs to have dll-interface to be used by clients of 'google::protobuf::ServiceDescriptorProto'
  (compiling source file 'Thales-Remote-gRPC-Server.cpp')
      D:\vcpkg\installed\x64-windows\include\google\protobuf\generated_message_tctable_decl.h(492,8):
      see declaration of 'google::protobuf::internal::TcParseTable<2,3,2,51,2>'
  
D:\vcpkg\installed\x64-windows\include\google\protobuf\descriptor.pb.h(10822,7): warning C4251: 'google::protobuf::EnumDescriptorProto::_table_': 'google::protobuf::internal::TcParseTable<3,5,3,61,2>' needs to have dll-interface to be used by clients of 'google::protobuf::EnumDescriptorProto'
  (compiling source file 'Thales-Remote-gRPC-Server.cpp')
      D:\vcpkg\installed\x64-windows\include\google\protobuf\generated_message_tctable_decl.h(492,8):
      see declaration of 'google::protobuf::internal::TcParseTable<3,5,3,61,2>'
  
D:\vcpkg\installed\x64-windows\include\google\protobuf\descriptor.pb.h(11196,7): warning C4251: 'google::protobuf::DescriptorProto::_table_': 'google::protobuf::internal::TcParseTable<4,10,8,65,2>' needs to have dll-interface to be used by clients of 'google::protobuf::DescriptorProto'
  (compiling source file 'Thales-Remote-gRPC-Server.cpp')
      D:\vcpkg\installed\x64-windows\include\google\protobuf\generated_message_tctable_decl.h(492,8):
      see declaration of 'google::protobuf::internal::TcParseTable<4,10,8,65,2>'
  
D:\vcpkg\installed\x64-windows\include\google\protobuf\descriptor.pb.h(11621,7): warning C4251: 'google::protobuf::FileDescriptorProto::_table_': 'google::protobuf::internal::TcParseTable<4,13,7,79,2>' needs to have dll-interface to be used by clients of 'google::protobuf::FileDescriptorProto'
  (compiling source file 'Thales-Remote-gRPC-Server.cpp')
      D:\vcpkg\installed\x64-windows\include\google\protobuf\generated_message_tctable_decl.h(492,8):
      see declaration of 'google::protobuf::internal::TcParseTable<4,13,7,79,2>'
  
D:\vcpkg\installed\x64-windows\include\google\protobuf\descriptor.pb.h(12015,7): warning C4251: 'google::protobuf::FileDescriptorSet::_table_': 'google::protobuf::internal::TcParseTable<0,1,1,0,2>' needs to have dll-interface to be used by clients of 'google::protobuf::FileDescriptorSet'
  (compiling source file 'Thales-Remote-gRPC-Server.cpp')
      D:\vcpkg\installed\x64-windows\include\google\protobuf\generated_message_tctable_decl.h(492,8):
      see declaration of 'google::protobuf::internal::TcParseTable<0,1,1,0,2>'
  
D:\vcpkg\installed\x64-windows\include\google\protobuf\descriptor_database.h(252,47): warning C4251: 'google::protobuf::SimpleDescriptorDatabase::index_': 'google::protobuf::SimpleDescriptorDatabase::DescriptorIndex<const google::protobuf::FileDescriptorProto *>' needs to have dll-interface to be used by clients of 'google::protobuf::SimpleDescriptorDatabase'
  (compiling source file 'Thales-Remote-gRPC-Server.cpp')
      D:\vcpkg\installed\x64-windows\include\google\protobuf\descriptor_database.h(177,9):
      see declaration of 'google::protobuf::SimpleDescriptorDatabase::DescriptorIndex<const google::protobuf::FileDescriptorProto *>'
  
D:\vcpkg\installed\x64-windows\include\google\protobuf\descriptor_database.h(253,59): warning C4251: 'google::protobuf::SimpleDescriptorDatabase::files_to_delete_': 'std::vector<std::unique_ptr<const google::protobuf::FileDescriptorProto,std::default_delete<const google::protobuf::FileDescriptorProto>>,std::allocator<std::unique_ptr<const google::protobuf::FileDescriptorProto,std::default_delete<const google::protobuf::FileDescriptorProto>>>>' needs to have dll-interface to be used by clients of 'google::protobuf::SimpleDescriptorDatabase'
  (compiling source file 'Thales-Remote-gRPC-Server.cpp')
      C:\Program Files\Microsoft Visual Studio\2022\Professional\VC\Tools\MSVC\14.43.34808\include\vector(429,7):
      see declaration of 'std::vector<std::unique_ptr<const google::protobuf::FileDescriptorProto,std::default_delete<const google::protobuf::FileDescriptorProto>>,std::allocator<std::unique_ptr<const google::protobuf::FileDescriptorProto,std::default_delete<const google::protobuf::FileDescriptorProto>>>>'
  
D:\vcpkg\installed\x64-windows\include\google\protobuf\descriptor_database.h(305,36): warning C4251: 'google::protobuf::EncodedDescriptorDatabase::index_': 'std::unique_ptr<google::protobuf::EncodedDescriptorDatabase::DescriptorIndex,std::default_delete<google::protobuf::EncodedDescriptorDatabase::DescriptorIndex>>' needs to have dll-interface to be used by clients of 'google::protobuf::EncodedDescriptorDatabase'
  (compiling source file 'Thales-Remote-gRPC-Server.cpp')
      C:\Program Files\Microsoft Visual Studio\2022\Professional\VC\Tools\MSVC\14.43.34808\include\memory(3332,7):
      see declaration of 'std::unique_ptr<google::protobuf::EncodedDescriptorDatabase::DescriptorIndex,std::default_delete<google::protobuf::EncodedDescriptorDatabase::DescriptorIndex>>'
  
D:\vcpkg\installed\x64-windows\include\google\protobuf\descriptor_database.h(306,22): warning C4251: 'google::protobuf::EncodedDescriptorDatabase::files_to_delete_': 'std::vector<void *,std::allocator<void *>>' needs to have dll-interface to be used by clients of 'google::protobuf::EncodedDescriptorDatabase'
  (compiling source file 'Thales-Remote-gRPC-Server.cpp')
      C:\Program Files\Microsoft Visual Studio\2022\Professional\VC\Tools\MSVC\14.43.34808\include\vector(429,7):
      see declaration of 'std::vector<void *,std::allocator<void *>>'
  
D:\vcpkg\installed\x64-windows\include\google\protobuf\descriptor_database.h(380,36): warning C4251: 'google::protobuf::MergedDescriptorDatabase::sources_': 'std::vector<google::protobuf::DescriptorDatabase *,std::allocator<google::protobuf::DescriptorDatabase *>>' needs to have dll-interface to be used by clients of 'google::protobuf::MergedDescriptorDatabase'
  (compiling source file 'Thales-Remote-gRPC-Server.cpp')
      C:\Program Files\Microsoft Visual Studio\2022\Professional\VC\Tools\MSVC\14.43.34808\include\vector(429,7):
      see declaration of 'std::vector<google::protobuf::DescriptorDatabase *,std::allocator<google::protobuf::DescriptorDatabase *>>'
  
D:\vcpkg\installed\x64-windows\include\google\protobuf\any.pb.h(314,7): warning C4251: 'google::protobuf::Any::_table_': 'google::protobuf::internal::TcParseTable<1,2,0,36,2>' needs to have dll-interface to be used by clients of 'google::protobuf::Any'
  (compiling source file 'Thales-Remote-gRPC-Server.cpp')
      D:\vcpkg\installed\x64-windows\include\google\protobuf\generated_message_tctable_decl.h(492,8):
      see declaration of 'google::protobuf::internal::TcParseTable<1,2,0,36,2>'
  
D:\vcpkg\installed\x64-windows\include\google\protobuf\source_context.pb.h(241,7): warning C4251: 'google::protobuf::SourceContext::_table_': 'google::protobuf::internal::TcParseTable<0,1,0,47,2>' needs to have dll-interface to be used by clients of 'google::protobuf::SourceContext'
  (compiling source file 'Thales-Remote-gRPC-Server.cpp')
      D:\vcpkg\installed\x64-windows\include\google\protobuf\generated_message_tctable_decl.h(492,8):
      see declaration of 'google::protobuf::internal::TcParseTable<0,1,0,47,2>'
  
D:\vcpkg\installed\x64-windows\include\google\protobuf\type.pb.h(391,7): warning C4251: 'google::protobuf::Option::_table_': 'google::protobuf::internal::TcParseTable<1,2,1,35,2>' needs to have dll-interface to be used by clients of 'google::protobuf::Option'
  (compiling source file 'Thales-Remote-gRPC-Server.cpp')
      D:\vcpkg\installed\x64-windows\include\google\protobuf\generated_message_tctable_decl.h(492,8):
      see declaration of 'google::protobuf::internal::TcParseTable<1,2,1,35,2>'
  
D:\vcpkg\installed\x64-windows\include\google\protobuf\type.pb.h(770,7): warning C4251: 'google::protobuf::Field::_table_': 'google::protobuf::internal::TcParseTable<4,10,1,72,2>' needs to have dll-interface to be used by clients of 'google::protobuf::Field'
  (compiling source file 'Thales-Remote-gRPC-Server.cpp')
      D:\vcpkg\installed\x64-windows\include\google\protobuf\generated_message_tctable_decl.h(492,8):
      see declaration of 'google::protobuf::internal::TcParseTable<4,10,1,72,2>'
  
D:\vcpkg\installed\x64-windows\include\google\protobuf\type.pb.h(1004,7): warning C4251: 'google::protobuf::EnumValue::_table_': 'google::protobuf::internal::TcParseTable<2,3,1,38,2>' needs to have dll-interface to be used by clients of 'google::protobuf::EnumValue'
  (compiling source file 'Thales-Remote-gRPC-Server.cpp')
      D:\vcpkg\installed\x64-windows\include\google\protobuf\generated_message_tctable_decl.h(492,8):
      see declaration of 'google::protobuf::internal::TcParseTable<2,3,1,38,2>'
  
D:\vcpkg\installed\x64-windows\include\google\protobuf\type.pb.h(1305,7): warning C4251: 'google::protobuf::Type::_table_': 'google::protobuf::internal::TcParseTable<3,7,3,46,2>' needs to have dll-interface to be used by clients of 'google::protobuf::Type'
  (compiling source file 'Thales-Remote-gRPC-Server.cpp')
      D:\vcpkg\installed\x64-windows\include\google\protobuf\generated_message_tctable_decl.h(492,8):
      see declaration of 'google::protobuf::internal::TcParseTable<3,7,3,46,2>'
  
D:\vcpkg\installed\x64-windows\include\google\protobuf\type.pb.h(1588,7): warning C4251: 'google::protobuf::Enum::_table_': 'google::protobuf::internal::TcParseTable<3,6,3,40,2>' needs to have dll-interface to be used by clients of 'google::protobuf::Enum'
  (compiling source file 'Thales-Remote-gRPC-Server.cpp')
      D:\vcpkg\installed\x64-windows\include\google\protobuf\generated_message_tctable_decl.h(492,8):
      see declaration of 'google::protobuf::internal::TcParseTable<3,6,3,40,2>'
  
  Thales-Remote-gRPC-Server.vcxproj -> D:\git\Thales-Remote-Cpp-gRPC\Thales-Remote-gRPC-Server\x64\Debug\Thales-Remote-gRPC-Server.exe
