d:\git\thales-remote-cpp-grpc\thales-remote-grpc-server\thales-r.20cf5204\x64\debug\vc143.pdb
d:\git\thales-remote-cpp-grpc\thales-remote-grpc-server\thales-r.20cf5204\x64\debug\vc143.idb
d:\git\thales-remote-cpp-grpc\thales-remote-grpc-server\thales-r.20cf5204\x64\debug\zahner.pb.obj
d:\git\thales-remote-cpp-grpc\thales-remote-grpc-server\thales-r.20cf5204\x64\debug\zahner.grpc.pb.obj
d:\git\thales-remote-cpp-grpc\thales-remote-grpc-server\thales-r.20cf5204\x64\debug\thales-remote-grpc-server.obj
d:\git\thales-remote-cpp-grpc\thales-remote-grpc-server\x64\debug\thales-remote-grpc-server.exe
d:\git\thales-remote-cpp-grpc\thales-remote-grpc-server\x64\debug\thales-remote-grpc-server.pdb
d:\git\thales-remote-cpp-grpc\thales-remote-grpc-server\x64\debug\abseil_dll.dll
d:\git\thales-remote-cpp-grpc\thales-remote-grpc-server\x64\debug\libcrypto-3-x64.dll
d:\git\thales-remote-cpp-grpc\thales-remote-grpc-server\x64\debug\libprotobuf-lited.dll
d:\git\thales-remote-cpp-grpc\thales-remote-grpc-server\x64\debug\libprotobufd.dll
d:\git\thales-remote-cpp-grpc\thales-remote-grpc-server\x64\debug\libssl-3-x64.dll
d:\git\thales-remote-cpp-grpc\thales-remote-grpc-server\x64\debug\re2.dll
d:\git\thales-remote-cpp-grpc\thales-remote-grpc-server\x64\debug\zlibd1.dll
d:\git\thales-remote-cpp-grpc\thales-remote-grpc-server\x64\debug\cares.dll
d:\git\thales-remote-cpp-grpc\thales-remote-grpc-server\thales-r.20cf5204\x64\debug\thales-remote-grpc-server.ilk
d:\git\thales-remote-cpp-grpc\thales-remote-grpc-server\thales-r.20cf5204\x64\debug\thales-r.20cf5204.tlog\cl.command.1.tlog
d:\git\thales-remote-cpp-grpc\thales-remote-grpc-server\thales-r.20cf5204\x64\debug\thales-r.20cf5204.tlog\cl.items.tlog
d:\git\thales-remote-cpp-grpc\thales-remote-grpc-server\thales-r.20cf5204\x64\debug\thales-r.20cf5204.tlog\cl.read.1.tlog
d:\git\thales-remote-cpp-grpc\thales-remote-grpc-server\thales-r.20cf5204\x64\debug\thales-r.20cf5204.tlog\cl.write.1.tlog
d:\git\thales-remote-cpp-grpc\thales-remote-grpc-server\thales-r.20cf5204\x64\debug\thales-r.20cf5204.tlog\link.command.1.tlog
d:\git\thales-remote-cpp-grpc\thales-remote-grpc-server\thales-r.20cf5204\x64\debug\thales-r.20cf5204.tlog\link.read.1.tlog
d:\git\thales-remote-cpp-grpc\thales-remote-grpc-server\thales-r.20cf5204\x64\debug\thales-r.20cf5204.tlog\link.secondary.1.tlog
d:\git\thales-remote-cpp-grpc\thales-remote-grpc-server\thales-r.20cf5204\x64\debug\thales-r.20cf5204.tlog\link.write.1.tlog
d:\git\thales-remote-cpp-grpc\thales-remote-grpc-server\thales-r.20cf5204\x64\debug\thales-r.20cf5204.tlog\thales-remote-grpc-server.write.1u.tlog
